  driver.cpp
C:\Users\asa\Desktop\dsa lab\lab 5\lab 5\lab 5\que.h(43,3): error C2065: 'cerr': undeclared identifier
  (compiling source file 'driver.cpp')
  
C:\Users\asa\Desktop\dsa lab\lab 5\lab 5\lab 5\que.h(43,3): error C3861: 'cerr': identifier not found
  (compiling source file 'driver.cpp')
  
C:\Users\asa\Desktop\dsa lab\lab 5\lab 5\lab 5\que.h(52,3): error C2065: 'cerr': undeclared identifier
  (compiling source file 'driver.cpp')
  
C:\Users\asa\Desktop\dsa lab\lab 5\lab 5\lab 5\que.h(52,3): error C3861: 'cerr': identifier not found
  (compiling source file 'driver.cpp')
  
C:\Users\asa\Desktop\dsa lab\lab 5\lab 5\lab 5\fileName.h(12,5): error C2143: syntax error: missing ';' before '<'
  (compiling source file 'driver.cpp')
      C:\Users\asa\Desktop\dsa lab\lab 5\lab 5\lab 5\fileName.h(12,5):
      the template instantiation context (the oldest one first) is
          C:\Users\asa\Desktop\dsa lab\lab 5\lab 5\lab 5\fileName.h(3,7):
          while compiling class template 'PQue'
  
C:\Users\asa\Desktop\dsa lab\lab 5\lab 5\lab 5\fileName.h(12,2): error C4430: missing type specifier - int assumed. Note: C++ does not support default-int
  (compiling source file 'driver.cpp')
  
C:\Users\asa\Desktop\dsa lab\lab 5\lab 5\lab 5\fileName.h(12,22): error C2238: unexpected token(s) preceding ';'
  (compiling source file 'driver.cpp')
  
C:\Users\asa\Desktop\dsa lab\lab 5\lab 5\lab 5\fileName.h(17,2): error C3861: 'pQ': identifier not found
  (compiling source file 'driver.cpp')
  
C:\Users\asa\Desktop\dsa lab\lab 5\lab 5\lab 5\fileName.h(17,2): error C2065: 'pQ': undeclared identifier
  (compiling source file 'driver.cpp')
  
C:\Users\asa\Desktop\dsa lab\lab 5\lab 5\lab 5\fileName.h(22,3): error C2065: 'pQ': undeclared identifier
  (compiling source file 'driver.cpp')
  
C:\Users\asa\Desktop\dsa lab\lab 5\lab 5\lab 5\fileName.h(22,11): error C2065: 'Que': undeclared identifier
  (compiling source file 'driver.cpp')
  
C:\Users\asa\Desktop\dsa lab\lab 5\lab 5\lab 5\fileName.h(22,23): error C3878: syntax error: unexpected token '>' following 'simple-type-specifier'
  (compiling source file 'driver.cpp')
      C:\Users\asa\Desktop\dsa lab\lab 5\lab 5\lab 5\fileName.h(22,23):
      missing one of: '(' '{' ?
  
C:\Users\asa\Desktop\dsa lab\lab 5\lab 5\lab 5\fileName.h(22,23): error C3878: syntax error: unexpected token '>' following 'expression'
  (compiling source file 'driver.cpp')
  
C:\Users\asa\Desktop\dsa lab\lab 5\lab 5\lab 5\fileName.h(22,25): error C2760: syntax error: ')' was unexpected here; expected ';'
  (compiling source file 'driver.cpp')
  
C:\Users\asa\Desktop\dsa lab\lab 5\lab 5\lab 5\fileName.h(22,25): error C3878: syntax error: unexpected token ')' following 'expression-statement'
  (compiling source file 'driver.cpp')
  
C:\Users\asa\Desktop\dsa lab\lab 5\lab 5\lab 5\fileName.h(29,8): error C2065: 'pQ': undeclared identifier
  (compiling source file 'driver.cpp')
  
C:\Users\asa\Desktop\dsa lab\lab 5\lab 5\lab 5\fileName.h(29,8): error C3861: 'pQ': identifier not found
  (compiling source file 'driver.cpp')
  
C:\Users\asa\Desktop\dsa lab\lab 5\lab 5\lab 5\fileName.h(30,4): error C3861: 'pQ': identifier not found
  (compiling source file 'driver.cpp')
  
C:\Users\asa\Desktop\dsa lab\lab 5\lab 5\lab 5\fileName.h(30,4): error C2065: 'pQ': undeclared identifier
  (compiling source file 'driver.cpp')
  
C:\Users\asa\Desktop\dsa lab\lab 5\lab 5\lab 5\fileName.h(40,8): error C2065: 'pQ': undeclared identifier
  (compiling source file 'driver.cpp')
  
C:\Users\asa\Desktop\dsa lab\lab 5\lab 5\lab 5\fileName.h(40,8): error C3861: 'pQ': identifier not found
  (compiling source file 'driver.cpp')
  
C:\Users\asa\Desktop\dsa lab\lab 5\lab 5\lab 5\fileName.h(50,8): error C2065: 'pQ': undeclared identifier
  (compiling source file 'driver.cpp')
  
C:\Users\asa\Desktop\dsa lab\lab 5\lab 5\lab 5\fileName.h(50,8): error C3861: 'pQ': identifier not found
  (compiling source file 'driver.cpp')
  
  FileName.cpp
C:\Users\asa\Desktop\dsa lab\lab 5\lab 5\lab 5\que.h(43,3): error C2065: 'cerr': undeclared identifier
  (compiling source file 'FileName.cpp')
  
C:\Users\asa\Desktop\dsa lab\lab 5\lab 5\lab 5\que.h(43,3): error C3861: 'cerr': identifier not found
  (compiling source file 'FileName.cpp')
  
C:\Users\asa\Desktop\dsa lab\lab 5\lab 5\lab 5\que.h(43,30): error C3861: 'exit': identifier not found
  (compiling source file 'FileName.cpp')
      C:\Users\asa\Desktop\dsa lab\lab 5\lab 5\lab 5\que.h(43,34):
      'exit': function declaration must be available as none of the arguments depend on a template parameter
  
C:\Users\asa\Desktop\dsa lab\lab 5\lab 5\lab 5\que.h(52,3): error C2065: 'cerr': undeclared identifier
  (compiling source file 'FileName.cpp')
  
C:\Users\asa\Desktop\dsa lab\lab 5\lab 5\lab 5\que.h(52,3): error C3861: 'cerr': identifier not found
  (compiling source file 'FileName.cpp')
  
C:\Users\asa\Desktop\dsa lab\lab 5\lab 5\lab 5\que.h(52,31): error C3861: 'exit': identifier not found
  (compiling source file 'FileName.cpp')
      C:\Users\asa\Desktop\dsa lab\lab 5\lab 5\lab 5\que.h(52,35):
      'exit': function declaration must be available as none of the arguments depend on a template parameter
  
C:\Users\asa\Desktop\dsa lab\lab 5\lab 5\lab 5\FileName.cpp(12,5): error C2143: syntax error: missing ';' before '<'
      C:\Users\asa\Desktop\dsa lab\lab 5\lab 5\lab 5\FileName.cpp(12,5):
      the template instantiation context (the oldest one first) is
          C:\Users\asa\Desktop\dsa lab\lab 5\lab 5\lab 5\FileName.cpp(3,7):
          while compiling class template 'PQue'
  
C:\Users\asa\Desktop\dsa lab\lab 5\lab 5\lab 5\FileName.cpp(12,2): error C4430: missing type specifier - int assumed. Note: C++ does not support default-int
C:\Users\asa\Desktop\dsa lab\lab 5\lab 5\lab 5\FileName.cpp(12,22): error C2238: unexpected token(s) preceding ';'
C:\Users\asa\Desktop\dsa lab\lab 5\lab 5\lab 5\FileName.cpp(17,2): error C3861: 'pQ': identifier not found
C:\Users\asa\Desktop\dsa lab\lab 5\lab 5\lab 5\FileName.cpp(17,2): error C2065: 'pQ': undeclared identifier
C:\Users\asa\Desktop\dsa lab\lab 5\lab 5\lab 5\FileName.cpp(22,3): error C2065: 'pQ': undeclared identifier
C:\Users\asa\Desktop\dsa lab\lab 5\lab 5\lab 5\FileName.cpp(22,11): error C2065: 'Que': undeclared identifier
C:\Users\asa\Desktop\dsa lab\lab 5\lab 5\lab 5\FileName.cpp(22,23): error C3878: syntax error: unexpected token '>' following 'simple-type-specifier'
      C:\Users\asa\Desktop\dsa lab\lab 5\lab 5\lab 5\FileName.cpp(22,23):
      missing one of: '(' '{' ?
  
C:\Users\asa\Desktop\dsa lab\lab 5\lab 5\lab 5\FileName.cpp(22,23): error C3878: syntax error: unexpected token '>' following 'expression'
C:\Users\asa\Desktop\dsa lab\lab 5\lab 5\lab 5\FileName.cpp(22,25): error C2760: syntax error: ')' was unexpected here; expected ';'
C:\Users\asa\Desktop\dsa lab\lab 5\lab 5\lab 5\FileName.cpp(22,25): error C3878: syntax error: unexpected token ')' following 'expression-statement'
C:\Users\asa\Desktop\dsa lab\lab 5\lab 5\lab 5\FileName.cpp(29,8): error C2065: 'pQ': undeclared identifier
C:\Users\asa\Desktop\dsa lab\lab 5\lab 5\lab 5\FileName.cpp(29,8): error C3861: 'pQ': identifier not found
C:\Users\asa\Desktop\dsa lab\lab 5\lab 5\lab 5\FileName.cpp(30,4): error C3861: 'pQ': identifier not found
C:\Users\asa\Desktop\dsa lab\lab 5\lab 5\lab 5\FileName.cpp(30,4): error C2065: 'pQ': undeclared identifier
C:\Users\asa\Desktop\dsa lab\lab 5\lab 5\lab 5\FileName.cpp(40,8): error C2065: 'pQ': undeclared identifier
C:\Users\asa\Desktop\dsa lab\lab 5\lab 5\lab 5\FileName.cpp(40,8): error C3861: 'pQ': identifier not found
C:\Users\asa\Desktop\dsa lab\lab 5\lab 5\lab 5\FileName.cpp(50,8): error C2065: 'pQ': undeclared identifier
C:\Users\asa\Desktop\dsa lab\lab 5\lab 5\lab 5\FileName.cpp(50,8): error C3861: 'pQ': identifier not found
  Generating Code...
